INFO: User Logged In 
INFO: User Logged In 
INFO: User Logged Out 
INFO: User Logged In 
INFO: User Logged In 
INFO: New Category Added 
INFO: New Category Added 
INFO: Product Updated  
INFO: Product Updated  
INFO: Product Updated  
INFO: Product Updated  
INFO: Product Updated  
INFO: Product Updated  
INFO: Product Updated  
INFO: Product Updated  
INFO: Product Updated  
INFO: Product Updated  
INFO: Product Updated  
INFO: Product Updated  
INFO: Product Updated  
INFO: Product Updated  
INFO:  Category Deleted 
INFO: New Category Added 
