INFO: User Logged In 
INFO:   User Profile Updated  
INFO:   User Profile Updated  
INFO:   User Profile Updated  
INFO: Name for user  Updated Successfully 
INFO: Nothing Updated  
INFO:   User Profile Updated  
INFO: Name And Profile for user  Updated Successfully 
INFO:   User Profile Updated  
INFO: Name for user  Updated Successfully 
INFO:   User Profile Updated  
INFO:   User Profile Updated  
INFO:   User Profile Updated  
INFO: Name And Profile for user  Updated Successfully 
INFO:   User Profile Updated  
INFO: Nothing Updated  
INFO: User Email And Name Updated Successfully 
INFO: Nothing Updated  
INFO:   User Profile Updated  
INFO: Nothing Updated  
INFO: User Password Updated Successfully 
INFO: User Logged Out 
INFO: Invalid Login Request 
INFO: User Logged In 
INFO: User Password Updated Successfully 
INFO: User Logged Out 
INFO: User Logged In 
INFO: User Password Updated Successfully 
INFO: User Password Updated Successfully 
INFO: User Password Updated Successfully 
INFO: User Password Updated Successfully 
INFO: User Logged Out 
INFO: User Logged In 
INFO: User Password Updated Successfully 
INFO: User Password Updated Successfully 
INFO: User Password Updated Successfully 
INFO: User Logged Out 
INFO: Invalid Login Request 
INFO: Invalid Login Request 
INFO: User Logged In 
INFO: Invalid Login Request 
INFO: Invalid Login Request 
INFO: User Logged In 
INFO: Invalid Login Request 
INFO: User Password Updated Successfully 
INFO: User Password Updated Successfully 
INFO: User Password Updated Successfully 
INFO: User Password Updated Successfully 
INFO: User Password Updated Successfully 
INFO: User Password Updated Successfully 
INFO: User Password Updated Successfully 
INFO: User Password Updated Successfully 
INFO: User Password Updated Successfully 
INFO: User Password Updated Successfully 
INFO: User Password Updated Successfully 
INFO: User Password Updated Successfully 
